{"C:\\Users\\ADM\\Desktop\\s.c\\BACKEND\\server.js": {"path":"C:\\Users\\ADM\\Desktop\\s.c\\BACKEND\\server.js","statementMap":{"0":{"start":{"line":1,"column":0},"end":{"line":1,"column":27}},"1":{"start":{"line":2,"column":16},"end":{"line":2,"column":34}},"2":{"start":{"line":3,"column":17},"end":{"line":3,"column":36}},"3":{"start":{"line":4,"column":19},"end":{"line":4,"column":41}},"4":{"start":{"line":5,"column":19},"end":{"line":5,"column":47}},"5":{"start":{"line":6,"column":20},"end":{"line":6,"column":55}},"6":{"start":{"line":7,"column":19},"end":{"line":7,"column":53}},"7":{"start":{"line":9,"column":13},"end":{"line":9,"column":28}},"8":{"start":{"line":12,"column":12},"end":{"line":12,"column":21}},"9":{"start":{"line":13,"column":0},"end":{"line":13,"column":24}},"10":{"start":{"line":14,"column":0},"end":{"line":14,"column":27}},"11":{"start":{"line":15,"column":0},"end":{"line":15,"column":16}},"12":{"start":{"line":18,"column":0},"end":{"line":24,"column":73}},"13":{"start":{"line":23,"column":14},"end":{"line":23,"column":47}},"14":{"start":{"line":24,"column":18},"end":{"line":24,"column":71}},"15":{"start":{"line":27,"column":0},"end":{"line":27,"column":33}},"16":{"start":{"line":28,"column":0},"end":{"line":28,"column":36}},"17":{"start":{"line":29,"column":0},"end":{"line":29,"column":34}},"18":{"start":{"line":32,"column":0},"end":{"line":35,"column":1}},"19":{"start":{"line":33,"column":15},"end":{"line":33,"column":39}},"20":{"start":{"line":34,"column":2},"end":{"line":34,"column":75}},"21":{"start":{"line":34,"column":25},"end":{"line":34,"column":73}},"22":{"start":{"line":37,"column":0},"end":{"line":37,"column":21}}},"fnMap":{"0":{"name":"(anonymous_0)","decl":{"start":{"line":23,"column":8},"end":{"line":23,"column":9}},"loc":{"start":{"line":23,"column":14},"end":{"line":23,"column":47}},"line":23},"1":{"name":"(anonymous_1)","decl":{"start":{"line":24,"column":9},"end":{"line":24,"column":10}},"loc":{"start":{"line":24,"column":18},"end":{"line":24,"column":71}},"line":24},"2":{"name":"(anonymous_2)","decl":{"start":{"line":34,"column":19},"end":{"line":34,"column":20}},"loc":{"start":{"line":34,"column":25},"end":{"line":34,"column":73}},"line":34}},"branchMap":{"0":{"loc":{"start":{"line":19,"column":11},"end":{"line":19,"column":74}},"type":"binary-expr","locations":[{"start":{"line":19,"column":11},"end":{"line":19,"column":32}},{"start":{"line":19,"column":36},"end":{"line":19,"column":74}}],"line":19},"1":{"loc":{"start":{"line":32,"column":0},"end":{"line":35,"column":1}},"type":"if","locations":[{"start":{"line":32,"column":0},"end":{"line":35,"column":1}},{"start":{},"end":{}}],"line":32},"2":{"loc":{"start":{"line":33,"column":15},"end":{"line":33,"column":39}},"type":"binary-expr","locations":[{"start":{"line":33,"column":15},"end":{"line":33,"column":31}},{"start":{"line":33,"column":35},"end":{"line":33,"column":39}}],"line":33}},"s":{"0":3,"1":3,"2":3,"3":3,"4":3,"5":3,"6":3,"7":3,"8":3,"9":3,"10":3,"11":3,"12":3,"13":3,"14":0,"15":3,"16":3,"17":3,"18":3,"19":0,"20":0,"21":0,"22":3},"f":{"0":3,"1":0,"2":0},"b":{"0":[3,0],"1":[0,3],"2":[0,0]},"_coverageSchema":"1a1c01bbd47fc00a2c39e90264f33305004495a9","hash":"36fbd4e0c1337f94864d5fd36650b59da42f7344"}
,"C:\\Users\\ADM\\Desktop\\s.c\\BACKEND\\src\\controller\\eventController.js": {"path":"C:\\Users\\ADM\\Desktop\\s.c\\BACKEND\\src\\controller\\eventController.js","statementMap":{"0":{"start":{"line":1,"column":14},"end":{"line":1,"column":39}},"1":{"start":{"line":2,"column":13},"end":{"line":2,"column":37}},"2":{"start":{"line":3,"column":19},"end":{"line":3,"column":40}},"3":{"start":{"line":4,"column":0},"end":{"line":13,"column":2}},"4":{"start":{"line":5,"column":2},"end":{"line":12,"column":3}},"5":{"start":{"line":6,"column":50},"end":{"line":6,"column":58}},"6":{"start":{"line":7,"column":18},"end":{"line":7,"column":66}},"7":{"start":{"line":8,"column":4},"end":{"line":8,"column":23}},"8":{"start":{"line":9,"column":4},"end":{"line":9,"column":75}},"9":{"start":{"line":11,"column":4},"end":{"line":11,"column":91}},"10":{"start":{"line":15,"column":0},"end":{"line":22,"column":2}},"11":{"start":{"line":16,"column":2},"end":{"line":21,"column":3}},"12":{"start":{"line":17,"column":19},"end":{"line":17,"column":37}},"13":{"start":{"line":18,"column":4},"end":{"line":18,"column":33}},"14":{"start":{"line":20,"column":4},"end":{"line":20,"column":94}},"15":{"start":{"line":24,"column":0},"end":{"line":34,"column":2}},"16":{"start":{"line":25,"column":2},"end":{"line":33,"column":3}},"17":{"start":{"line":26,"column":18},"end":{"line":26,"column":53}},"18":{"start":{"line":27,"column":4},"end":{"line":29,"column":5}},"19":{"start":{"line":28,"column":6},"end":{"line":28,"column":71}},"20":{"start":{"line":30,"column":4},"end":{"line":30,"column":32}},"21":{"start":{"line":32,"column":4},"end":{"line":32,"column":95}},"22":{"start":{"line":36,"column":0},"end":{"line":46,"column":2}},"23":{"start":{"line":37,"column":2},"end":{"line":45,"column":3}},"24":{"start":{"line":38,"column":25},"end":{"line":38,"column":94}},"25":{"start":{"line":39,"column":4},"end":{"line":41,"column":5}},"26":{"start":{"line":40,"column":6},"end":{"line":40,"column":71}},"27":{"start":{"line":42,"column":4},"end":{"line":42,"column":88}},"28":{"start":{"line":44,"column":4},"end":{"line":44,"column":94}},"29":{"start":{"line":48,"column":0},"end":{"line":58,"column":2}},"30":{"start":{"line":49,"column":2},"end":{"line":57,"column":3}},"31":{"start":{"line":50,"column":25},"end":{"line":50,"column":69}},"32":{"start":{"line":51,"column":4},"end":{"line":53,"column":5}},"33":{"start":{"line":52,"column":6},"end":{"line":52,"column":71}},"34":{"start":{"line":54,"column":4},"end":{"line":54,"column":72}},"35":{"start":{"line":56,"column":4},"end":{"line":56,"column":94}},"36":{"start":{"line":61,"column":0},"end":{"line":101,"column":2}},"37":{"start":{"line":62,"column":2},"end":{"line":100,"column":3}},"38":{"start":{"line":63,"column":39},"end":{"line":63,"column":47}},"39":{"start":{"line":65,"column":24},"end":{"line":65,"column":58}},"40":{"start":{"line":66,"column":4},"end":{"line":68,"column":5}},"41":{"start":{"line":67,"column":6},"end":{"line":67,"column":73}},"42":{"start":{"line":70,"column":18},"end":{"line":74,"column":30}},"43":{"start":{"line":76,"column":4},"end":{"line":78,"column":5}},"44":{"start":{"line":77,"column":6},"end":{"line":77,"column":71}},"45":{"start":{"line":80,"column":24},"end":{"line":86,"column":6}},"46":{"start":{"line":88,"column":24},"end":{"line":93,"column":5}},"47":{"start":{"line":95,"column":4},"end":{"line":95,"column":44}},"48":{"start":{"line":97,"column":4},"end":{"line":97,"column":98}},"49":{"start":{"line":99,"column":4},"end":{"line":99,"column":102}},"50":{"start":{"line":104,"column":0},"end":{"line":127,"column":2}},"51":{"start":{"line":105,"column":2},"end":{"line":126,"column":3}},"52":{"start":{"line":106,"column":39},"end":{"line":106,"column":47}},"53":{"start":{"line":108,"column":24},"end":{"line":108,"column":58}},"54":{"start":{"line":109,"column":4},"end":{"line":111,"column":5}},"55":{"start":{"line":110,"column":6},"end":{"line":110,"column":73}},"56":{"start":{"line":113,"column":18},"end":{"line":117,"column":30}},"57":{"start":{"line":119,"column":4},"end":{"line":121,"column":5}},"58":{"start":{"line":120,"column":6},"end":{"line":120,"column":71}},"59":{"start":{"line":123,"column":4},"end":{"line":123,"column":83}},"60":{"start":{"line":125,"column":4},"end":{"line":125,"column":109}}},"fnMap":{"0":{"name":"(anonymous_0)","decl":{"start":{"line":4,"column":22},"end":{"line":4,"column":23}},"loc":{"start":{"line":4,"column":42},"end":{"line":13,"column":1}},"line":4},"1":{"name":"(anonymous_1)","decl":{"start":{"line":15,"column":23},"end":{"line":15,"column":24}},"loc":{"start":{"line":15,"column":43},"end":{"line":22,"column":1}},"line":15},"2":{"name":"(anonymous_2)","decl":{"start":{"line":24,"column":23},"end":{"line":24,"column":24}},"loc":{"start":{"line":24,"column":43},"end":{"line":34,"column":1}},"line":24},"3":{"name":"(anonymous_3)","decl":{"start":{"line":36,"column":22},"end":{"line":36,"column":23}},"loc":{"start":{"line":36,"column":42},"end":{"line":46,"column":1}},"line":36},"4":{"name":"(anonymous_4)","decl":{"start":{"line":48,"column":22},"end":{"line":48,"column":23}},"loc":{"start":{"line":48,"column":42},"end":{"line":58,"column":1}},"line":48},"5":{"name":"(anonymous_5)","decl":{"start":{"line":61,"column":32},"end":{"line":61,"column":33}},"loc":{"start":{"line":61,"column":52},"end":{"line":101,"column":1}},"line":61},"6":{"name":"(anonymous_6)","decl":{"start":{"line":104,"column":37},"end":{"line":104,"column":38}},"loc":{"start":{"line":104,"column":57},"end":{"line":127,"column":1}},"line":104}},"branchMap":{"0":{"loc":{"start":{"line":27,"column":4},"end":{"line":29,"column":5}},"type":"if","locations":[{"start":{"line":27,"column":4},"end":{"line":29,"column":5}},{"start":{},"end":{}}],"line":27},"1":{"loc":{"start":{"line":39,"column":4},"end":{"line":41,"column":5}},"type":"if","locations":[{"start":{"line":39,"column":4},"end":{"line":41,"column":5}},{"start":{},"end":{}}],"line":39},"2":{"loc":{"start":{"line":51,"column":4},"end":{"line":53,"column":5}},"type":"if","locations":[{"start":{"line":51,"column":4},"end":{"line":53,"column":5}},{"start":{},"end":{}}],"line":51},"3":{"loc":{"start":{"line":66,"column":4},"end":{"line":68,"column":5}},"type":"if","locations":[{"start":{"line":66,"column":4},"end":{"line":68,"column":5}},{"start":{},"end":{}}],"line":66},"4":{"loc":{"start":{"line":76,"column":4},"end":{"line":78,"column":5}},"type":"if","locations":[{"start":{"line":76,"column":4},"end":{"line":78,"column":5}},{"start":{},"end":{}}],"line":76},"5":{"loc":{"start":{"line":109,"column":4},"end":{"line":111,"column":5}},"type":"if","locations":[{"start":{"line":109,"column":4},"end":{"line":111,"column":5}},{"start":{},"end":{}}],"line":109},"6":{"loc":{"start":{"line":119,"column":4},"end":{"line":121,"column":5}},"type":"if","locations":[{"start":{"line":119,"column":4},"end":{"line":121,"column":5}},{"start":{},"end":{}}],"line":119}},"s":{"0":3,"1":3,"2":3,"3":3,"4":1,"5":1,"6":1,"7":1,"8":1,"9":0,"10":3,"11":1,"12":1,"13":1,"14":0,"15":3,"16":2,"17":2,"18":2,"19":1,"20":1,"21":0,"22":3,"23":1,"24":1,"25":1,"26":0,"27":1,"28":0,"29":3,"30":1,"31":1,"32":1,"33":0,"34":1,"35":0,"36":3,"37":0,"38":0,"39":0,"40":0,"41":0,"42":0,"43":0,"44":0,"45":0,"46":0,"47":0,"48":0,"49":0,"50":3,"51":0,"52":0,"53":0,"54":0,"55":0,"56":0,"57":0,"58":0,"59":0,"60":0},"f":{"0":1,"1":1,"2":2,"3":1,"4":1,"5":0,"6":0},"b":{"0":[1,1],"1":[0,1],"2":[0,1],"3":[0,0],"4":[0,0],"5":[0,0],"6":[0,0]},"_coverageSchema":"1a1c01bbd47fc00a2c39e90264f33305004495a9","hash":"b06a0c54805c0e4676021e3090fa99def4873b01"}
,"C:\\Users\\ADM\\Desktop\\s.c\\BACKEND\\src\\controller\\userController.js": {"path":"C:\\Users\\ADM\\Desktop\\s.c\\BACKEND\\src\\controller\\userController.js","statementMap":{"0":{"start":{"line":1,"column":13},"end":{"line":1,"column":37}},"1":{"start":{"line":3,"column":0},"end":{"line":11,"column":2}},"2":{"start":{"line":4,"column":2},"end":{"line":10,"column":3}},"3":{"start":{"line":5,"column":18},"end":{"line":5,"column":35}},"4":{"start":{"line":6,"column":4},"end":{"line":6,"column":32}},"5":{"start":{"line":8,"column":4},"end":{"line":8,"column":25}},"6":{"start":{"line":9,"column":4},"end":{"line":9,"column":69}}},"fnMap":{"0":{"name":"(anonymous_0)","decl":{"start":{"line":3,"column":22},"end":{"line":3,"column":23}},"loc":{"start":{"line":3,"column":42},"end":{"line":11,"column":1}},"line":3}},"branchMap":{},"s":{"0":3,"1":3,"2":2,"3":2,"4":1,"5":1,"6":1},"f":{"0":2},"b":{},"_coverageSchema":"1a1c01bbd47fc00a2c39e90264f33305004495a9","hash":"fc2ccfe29b6c090a8a60e2b879299802e415b979"}
,"C:\\Users\\ADM\\Desktop\\s.c\\BACKEND\\src\\model\\User.js": {"path":"C:\\Users\\ADM\\Desktop\\s.c\\BACKEND\\src\\model\\User.js","statementMap":{"0":{"start":{"line":1,"column":17},"end":{"line":1,"column":36}},"1":{"start":{"line":2,"column":15},"end":{"line":2,"column":34}},"2":{"start":{"line":4,"column":19},"end":{"line":19,"column":2}},"3":{"start":{"line":24,"column":0},"end":{"line":29,"column":3}},"4":{"start":{"line":25,"column":2},"end":{"line":25,"column":50}},"5":{"start":{"line":25,"column":36},"end":{"line":25,"column":50}},"6":{"start":{"line":26,"column":15},"end":{"line":26,"column":39}},"7":{"start":{"line":27,"column":2},"end":{"line":27,"column":57}},"8":{"start":{"line":28,"column":2},"end":{"line":28,"column":9}},"9":{"start":{"line":31,"column":13},"end":{"line":31,"column":47}},"10":{"start":{"line":33,"column":0},"end":{"line":33,"column":22}}},"fnMap":{"0":{"name":"(anonymous_0)","decl":{"start":{"line":24,"column":23},"end":{"line":24,"column":24}},"loc":{"start":{"line":24,"column":45},"end":{"line":29,"column":1}},"line":24}},"branchMap":{"0":{"loc":{"start":{"line":25,"column":2},"end":{"line":25,"column":50}},"type":"if","locations":[{"start":{"line":25,"column":2},"end":{"line":25,"column":50}},{"start":{},"end":{}}],"line":25}},"s":{"0":3,"1":3,"2":3,"3":3,"4":4,"5":0,"6":4,"7":4,"8":4,"9":3,"10":3},"f":{"0":4},"b":{"0":[0,4]},"_coverageSchema":"1a1c01bbd47fc00a2c39e90264f33305004495a9","hash":"aa55098f6edc2341ced534663eee0605506688d6"}
,"C:\\Users\\ADM\\Desktop\\s.c\\BACKEND\\src\\model\\event.js": {"path":"C:\\Users\\ADM\\Desktop\\s.c\\BACKEND\\src\\model\\event.js","statementMap":{"0":{"start":{"line":1,"column":17},"end":{"line":1,"column":36}},"1":{"start":{"line":3,"column":20},"end":{"line":25,"column":2}},"2":{"start":{"line":27,"column":0},"end":{"line":27,"column":54}}},"fnMap":{},"branchMap":{},"s":{"0":3,"1":3,"2":3},"f":{},"b":{},"_coverageSchema":"1a1c01bbd47fc00a2c39e90264f33305004495a9","hash":"28159d95bd650d6576e57304351b1f33d3dbb0e7"}
,"C:\\Users\\ADM\\Desktop\\s.c\\BACKEND\\src\\routes\\auth.js": {"path":"C:\\Users\\ADM\\Desktop\\s.c\\BACKEND\\src\\routes\\auth.js","statementMap":{"0":{"start":{"line":1,"column":16},"end":{"line":1,"column":34}},"1":{"start":{"line":2,"column":15},"end":{"line":2,"column":34}},"2":{"start":{"line":3,"column":12},"end":{"line":3,"column":35}},"3":{"start":{"line":4,"column":13},"end":{"line":4,"column":37}},"4":{"start":{"line":5,"column":15},"end":{"line":5,"column":31}},"5":{"start":{"line":7,"column":19},"end":{"line":7,"column":62}},"6":{"start":{"line":9,"column":23},"end":{"line":25,"column":1}},"7":{"start":{"line":10,"column":2},"end":{"line":24,"column":4}},"8":{"start":{"line":11,"column":18},"end":{"line":11,"column":69}},"9":{"start":{"line":12,"column":4},"end":{"line":12,"column":80}},"10":{"start":{"line":12,"column":16},"end":{"line":12,"column":80}},"11":{"start":{"line":14,"column":4},"end":{"line":23,"column":5}},"12":{"start":{"line":15,"column":22},"end":{"line":15,"column":51}},"13":{"start":{"line":16,"column":6},"end":{"line":16,"column":25}},"14":{"start":{"line":17,"column":6},"end":{"line":19,"column":7}},"15":{"start":{"line":18,"column":8},"end":{"line":18,"column":68}},"16":{"start":{"line":20,"column":6},"end":{"line":20,"column":13}},"17":{"start":{"line":22,"column":6},"end":{"line":22,"column":59}},"18":{"start":{"line":27,"column":0},"end":{"line":42,"column":3}},"19":{"start":{"line":28,"column":42},"end":{"line":28,"column":50}},"20":{"start":{"line":30,"column":2},"end":{"line":41,"column":3}},"21":{"start":{"line":31,"column":25},"end":{"line":31,"column":54}},"22":{"start":{"line":32,"column":4},"end":{"line":32,"column":95}},"23":{"start":{"line":32,"column":22},"end":{"line":32,"column":95}},"24":{"start":{"line":34,"column":22},"end":{"line":34,"column":68}},"25":{"start":{"line":36,"column":17},"end":{"line":36,"column":69}},"26":{"start":{"line":37,"column":4},"end":{"line":37,"column":22}},"27":{"start":{"line":38,"column":4},"end":{"line":38,"column":77}},"28":{"start":{"line":40,"column":4},"end":{"line":40,"column":74}},"29":{"start":{"line":44,"column":0},"end":{"line":57,"column":3}},"30":{"start":{"line":45,"column":20},"end":{"line":45,"column":28}},"31":{"start":{"line":47,"column":2},"end":{"line":56,"column":3}},"32":{"start":{"line":48,"column":17},"end":{"line":48,"column":46}},"33":{"start":{"line":49,"column":4},"end":{"line":49,"column":84}},"34":{"start":{"line":49,"column":15},"end":{"line":49,"column":84}},"35":{"start":{"line":51,"column":4},"end":{"line":51,"column":31}},"36":{"start":{"line":52,"column":4},"end":{"line":52,"column":22}},"37":{"start":{"line":53,"column":4},"end":{"line":53,"column":85}},"38":{"start":{"line":55,"column":4},"end":{"line":55,"column":87}},"39":{"start":{"line":59,"column":0},"end":{"line":74,"column":3}},"40":{"start":{"line":60,"column":30},"end":{"line":60,"column":38}},"41":{"start":{"line":62,"column":2},"end":{"line":73,"column":3}},"42":{"start":{"line":63,"column":17},"end":{"line":63,"column":46}},"43":{"start":{"line":64,"column":4},"end":{"line":64,"column":84}},"44":{"start":{"line":64,"column":15},"end":{"line":64,"column":84}},"45":{"start":{"line":66,"column":20},"end":{"line":66,"column":65}},"46":{"start":{"line":67,"column":4},"end":{"line":67,"column":86}},"47":{"start":{"line":67,"column":18},"end":{"line":67,"column":86}},"48":{"start":{"line":69,"column":18},"end":{"line":69,"column":94}},"49":{"start":{"line":70,"column":4},"end":{"line":70,"column":53}},"50":{"start":{"line":72,"column":4},"end":{"line":72,"column":70}},"51":{"start":{"line":76,"column":0},"end":{"line":76,"column":24}}},"fnMap":{"0":{"name":"(anonymous_0)","decl":{"start":{"line":9,"column":23},"end":{"line":9,"column":24}},"loc":{"start":{"line":9,"column":39},"end":{"line":25,"column":1}},"line":9},"1":{"name":"(anonymous_1)","decl":{"start":{"line":10,"column":9},"end":{"line":10,"column":10}},"loc":{"start":{"line":10,"column":29},"end":{"line":24,"column":3}},"line":10},"2":{"name":"(anonymous_2)","decl":{"start":{"line":27,"column":25},"end":{"line":27,"column":26}},"loc":{"start":{"line":27,"column":45},"end":{"line":42,"column":1}},"line":27},"3":{"name":"(anonymous_3)","decl":{"start":{"line":44,"column":70},"end":{"line":44,"column":71}},"loc":{"start":{"line":44,"column":90},"end":{"line":57,"column":1}},"line":44},"4":{"name":"(anonymous_4)","decl":{"start":{"line":59,"column":22},"end":{"line":59,"column":23}},"loc":{"start":{"line":59,"column":42},"end":{"line":74,"column":1}},"line":59}},"branchMap":{"0":{"loc":{"start":{"line":7,"column":19},"end":{"line":7,"column":62}},"type":"binary-expr","locations":[{"start":{"line":7,"column":19},"end":{"line":7,"column":41}},{"start":{"line":7,"column":45},"end":{"line":7,"column":62}}],"line":7},"1":{"loc":{"start":{"line":9,"column":24},"end":{"line":9,"column":34}},"type":"default-arg","locations":[{"start":{"line":9,"column":32},"end":{"line":9,"column":34}}],"line":9},"2":{"loc":{"start":{"line":12,"column":4},"end":{"line":12,"column":80}},"type":"if","locations":[{"start":{"line":12,"column":4},"end":{"line":12,"column":80}},{"start":{},"end":{}}],"line":12},"3":{"loc":{"start":{"line":17,"column":6},"end":{"line":19,"column":7}},"type":"if","locations":[{"start":{"line":17,"column":6},"end":{"line":19,"column":7}},{"start":{},"end":{}}],"line":17},"4":{"loc":{"start":{"line":17,"column":10},"end":{"line":17,"column":56}},"type":"binary-expr","locations":[{"start":{"line":17,"column":10},"end":{"line":17,"column":22}},{"start":{"line":17,"column":26},"end":{"line":17,"column":56}}],"line":17},"5":{"loc":{"start":{"line":32,"column":4},"end":{"line":32,"column":95}},"type":"if","locations":[{"start":{"line":32,"column":4},"end":{"line":32,"column":95}},{"start":{},"end":{}}],"line":32},"6":{"loc":{"start":{"line":34,"column":22},"end":{"line":34,"column":68}},"type":"cond-expr","locations":[{"start":{"line":34,"column":48},"end":{"line":34,"column":61}},{"start":{"line":34,"column":64},"end":{"line":34,"column":68}}],"line":34},"7":{"loc":{"start":{"line":49,"column":4},"end":{"line":49,"column":84}},"type":"if","locations":[{"start":{"line":49,"column":4},"end":{"line":49,"column":84}},{"start":{},"end":{}}],"line":49},"8":{"loc":{"start":{"line":64,"column":4},"end":{"line":64,"column":84}},"type":"if","locations":[{"start":{"line":64,"column":4},"end":{"line":64,"column":84}},{"start":{},"end":{}}],"line":64},"9":{"loc":{"start":{"line":67,"column":4},"end":{"line":67,"column":86}},"type":"if","locations":[{"start":{"line":67,"column":4},"end":{"line":67,"column":86}},{"start":{},"end":{}}],"line":67}},"s":{"0":3,"1":3,"2":3,"3":3,"4":3,"5":3,"6":3,"7":3,"8":0,"9":0,"10":0,"11":0,"12":0,"13":0,"14":0,"15":0,"16":0,"17":0,"18":3,"19":2,"20":2,"21":2,"22":2,"23":1,"24":1,"25":1,"26":1,"27":1,"28":0,"29":3,"30":0,"31":0,"32":0,"33":0,"34":0,"35":0,"36":0,"37":0,"38":0,"39":3,"40":3,"41":3,"42":3,"43":3,"44":1,"45":2,"46":2,"47":1,"48":1,"49":1,"50":0,"51":3},"f":{"0":3,"1":0,"2":2,"3":0,"4":3},"b":{"0":[3,0],"1":[0],"2":[0,0],"3":[0,0],"4":[0,0],"5":[1,1],"6":[0,1],"7":[0,0],"8":[1,2],"9":[1,1]},"_coverageSchema":"1a1c01bbd47fc00a2c39e90264f33305004495a9","hash":"fddc3bc79f3bb51a8149779ebcb65ab7fc73139a"}
,"C:\\Users\\ADM\\Desktop\\s.c\\BACKEND\\src\\routes\\eventRoutes.js": {"path":"C:\\Users\\ADM\\Desktop\\s.c\\BACKEND\\src\\routes\\eventRoutes.js","statementMap":{"0":{"start":{"line":1,"column":16},"end":{"line":1,"column":34}},"1":{"start":{"line":2,"column":15},"end":{"line":2,"column":31}},"2":{"start":{"line":3,"column":24},"end":{"line":3,"column":64}},"3":{"start":{"line":5,"column":0},"end":{"line":5,"column":46}},"4":{"start":{"line":6,"column":0},"end":{"line":6,"column":46}},"5":{"start":{"line":7,"column":0},"end":{"line":7,"column":49}},"6":{"start":{"line":8,"column":0},"end":{"line":8,"column":48}},"7":{"start":{"line":9,"column":0},"end":{"line":9,"column":51}},"8":{"start":{"line":10,"column":0},"end":{"line":10,"column":70}},"9":{"start":{"line":11,"column":0},"end":{"line":11,"column":78}},"10":{"start":{"line":14,"column":0},"end":{"line":14,"column":24}}},"fnMap":{},"branchMap":{},"s":{"0":3,"1":3,"2":3,"3":3,"4":3,"5":3,"6":3,"7":3,"8":3,"9":3,"10":3},"f":{},"b":{},"_coverageSchema":"1a1c01bbd47fc00a2c39e90264f33305004495a9","hash":"4d88b55eeee61bd0d3a85995c7d431c64622f3a8"}
,"C:\\Users\\ADM\\Desktop\\s.c\\BACKEND\\src\\routes\\userRoutes.js": {"path":"C:\\Users\\ADM\\Desktop\\s.c\\BACKEND\\src\\routes\\userRoutes.js","statementMap":{"0":{"start":{"line":1,"column":16},"end":{"line":1,"column":34}},"1":{"start":{"line":2,"column":15},"end":{"line":2,"column":31}},"2":{"start":{"line":3,"column":23},"end":{"line":3,"column":62}},"3":{"start":{"line":6,"column":0},"end":{"line":6,"column":47}},"4":{"start":{"line":8,"column":0},"end":{"line":8,"column":24}}},"fnMap":{},"branchMap":{},"s":{"0":3,"1":3,"2":3,"3":3,"4":3},"f":{},"b":{},"_coverageSchema":"1a1c01bbd47fc00a2c39e90264f33305004495a9","hash":"cb5a8cd02faad567daca741d98d66becdefd049b"}
}
