TN:
SF:server.js
FN:23,(anonymous_0)
FN:24,(anonymous_1)
FN:34,(anonymous_2)
FNF:3
FNH:1
FNDA:2,(anonymous_0)
FNDA:0,(anonymous_1)
FNDA:0,(anonymous_2)
DA:1,2
DA:2,2
DA:3,2
DA:4,2
DA:5,2
DA:6,2
DA:7,2
DA:9,2
DA:12,2
DA:13,2
DA:14,2
DA:15,2
DA:18,2
DA:23,2
DA:24,0
DA:27,2
DA:28,2
DA:29,2
DA:32,2
DA:33,0
DA:34,0
DA:37,2
LF:22
LH:19
BRDA:19,0,0,2
BRDA:19,0,1,0
BRDA:32,1,0,0
BRDA:32,1,1,2
BRDA:33,2,0,0
BRDA:33,2,1,0
BRF:6
BRH:2
end_of_record
TN:
SF:src\controller\eventController.js
FN:4,(anonymous_0)
FN:15,(anonymous_1)
FN:24,(anonymous_2)
FN:36,(anonymous_3)
FN:48,(anonymous_4)
FN:61,(anonymous_5)
FN:104,(anonymous_6)
FNF:7
FNH:5
FNDA:1,(anonymous_0)
FNDA:1,(anonymous_1)
FNDA:2,(anonymous_2)
FNDA:1,(anonymous_3)
FNDA:1,(anonymous_4)
FNDA:0,(anonymous_5)
FNDA:0,(anonymous_6)
DA:1,2
DA:2,2
DA:3,2
DA:4,2
DA:5,1
DA:6,1
DA:7,1
DA:8,1
DA:9,1
DA:11,0
DA:15,2
DA:16,1
DA:17,1
DA:18,1
DA:20,0
DA:24,2
DA:25,2
DA:26,2
DA:27,2
DA:28,1
DA:30,1
DA:32,0
DA:36,2
DA:37,1
DA:38,1
DA:39,1
DA:40,0
DA:42,1
DA:44,0
DA:48,2
DA:49,1
DA:50,1
DA:51,1
DA:52,0
DA:54,1
DA:56,0
DA:61,2
DA:62,0
DA:63,0
DA:65,0
DA:66,0
DA:67,0
DA:70,0
DA:76,0
DA:77,0
DA:80,0
DA:88,0
DA:95,0
DA:97,0
DA:99,0
DA:104,2
DA:105,0
DA:106,0
DA:108,0
DA:109,0
DA:110,0
DA:113,0
DA:119,0
DA:120,0
DA:123,0
DA:125,0
LF:61
LH:31
BRDA:27,0,0,1
BRDA:27,0,1,1
BRDA:39,1,0,0
BRDA:39,1,1,1
BRDA:51,2,0,0
BRDA:51,2,1,1
BRDA:66,3,0,0
BRDA:66,3,1,0
BRDA:76,4,0,0
BRDA:76,4,1,0
BRDA:109,5,0,0
BRDA:109,5,1,0
BRDA:119,6,0,0
BRDA:119,6,1,0
BRF:14
BRH:4
end_of_record
TN:
SF:src\controller\userController.js
FN:3,(anonymous_0)
FNF:1
FNH:0
FNDA:0,(anonymous_0)
DA:1,2
DA:3,2
DA:4,0
DA:5,0
DA:6,0
DA:8,0
LF:6
LH:2
BRF:0
BRH:0
end_of_record
TN:
SF:src\model\User.js
FN:24,(anonymous_0)
FNF:1
FNH:1
FNDA:4,(anonymous_0)
DA:1,2
DA:2,2
DA:4,2
DA:24,2
DA:25,4
DA:26,4
DA:27,4
DA:28,4
DA:31,2
DA:33,2
LF:10
LH:10
BRDA:25,0,0,0
BRDA:25,0,1,4
BRF:2
BRH:1
end_of_record
TN:
SF:src\model\event.js
FNF:0
FNH:0
DA:1,2
DA:3,2
DA:27,2
LF:3
LH:3
BRF:0
BRH:0
end_of_record
TN:
SF:src\routes\auth.js
FN:9,(anonymous_0)
FN:10,(anonymous_1)
FN:27,(anonymous_2)
FN:44,(anonymous_3)
FN:59,(anonymous_4)
FNF:5
FNH:3
FNDA:2,(anonymous_0)
FNDA:0,(anonymous_1)
FNDA:2,(anonymous_2)
FNDA:0,(anonymous_3)
FNDA:3,(anonymous_4)
DA:1,2
DA:2,2
DA:3,2
DA:4,2
DA:5,2
DA:7,2
DA:9,2
DA:10,2
DA:11,0
DA:12,0
DA:14,0
DA:15,0
DA:16,0
DA:17,0
DA:18,0
DA:20,0
DA:22,0
DA:27,2
DA:28,2
DA:30,2
DA:31,2
DA:32,2
DA:34,1
DA:36,1
DA:37,1
DA:38,1
DA:40,0
DA:44,2
DA:45,0
DA:47,0
DA:48,0
DA:49,0
DA:51,0
DA:52,0
DA:53,0
DA:55,0
DA:59,2
DA:60,3
DA:62,3
DA:63,3
DA:64,3
DA:66,2
DA:67,2
DA:69,1
DA:70,1
DA:72,0
DA:76,2
LF:47
LH:28
BRDA:7,0,0,2
BRDA:7,0,1,0
BRDA:9,1,0,0
BRDA:12,2,0,0
BRDA:12,2,1,0
BRDA:17,3,0,0
BRDA:17,3,1,0
BRDA:17,4,0,0
BRDA:17,4,1,0
BRDA:32,5,0,1
BRDA:32,5,1,1
BRDA:34,6,0,0
BRDA:34,6,1,1
BRDA:49,7,0,0
BRDA:49,7,1,0
BRDA:64,8,0,1
BRDA:64,8,1,2
BRDA:67,9,0,1
BRDA:67,9,1,1
BRF:19
BRH:8
end_of_record
TN:
SF:src\routes\eventRoutes.js
FNF:0
FNH:0
DA:1,2
DA:2,2
DA:3,2
DA:5,2
DA:6,2
DA:7,2
DA:8,2
DA:9,2
DA:10,2
DA:11,2
DA:14,2
LF:11
LH:11
BRF:0
BRH:0
end_of_record
TN:
SF:src\routes\userRoutes.js
FNF:0
FNH:0
DA:1,2
DA:2,2
DA:3,2
DA:6,2
DA:8,2
LF:5
LH:5
BRF:0
BRH:0
end_of_record
